Jun 22, 2020 3:12:23 PM org.apache.karaf.main.Main launch
INFO: Installing and starting initial bundles
Jun 22, 2020 3:12:24 PM org.apache.karaf.main.Main launch
INFO: All initial bundles installed and set to start
Jun 22, 2020 3:12:25 PM org.apache.karaf.main.Main$KarafLockCallback lockAcquired
INFO: Lock acquired. Setting startlevel to 100
Aug 04, 2020 2:35:37 PM org.apache.karaf.main.Main launch
INFO: Installing and starting initial bundles
Aug 04, 2020 2:35:38 PM org.apache.karaf.main.Main launch
INFO: All initial bundles installed and set to start
Aug 04, 2020 2:35:39 PM org.apache.karaf.main.Main$KarafLockCallback lockAcquired
INFO: Lock acquired. Setting startlevel to 100
Aug 05, 2020 1:54:28 PM org.apache.karaf.main.Main launch
INFO: Installing and starting initial bundles
Aug 05, 2020 1:54:30 PM org.apache.karaf.main.Main launch
INFO: All initial bundles installed and set to start
Aug 05, 2020 1:54:30 PM org.apache.karaf.main.Main$KarafLockCallback lockAcquired
INFO: Lock acquired. Setting startlevel to 100
Aug 10, 2020 12:47:40 PM org.apache.karaf.main.Main launch
INFO: Installing and starting initial bundles
Aug 10, 2020 12:47:42 PM org.apache.karaf.main.Main launch
INFO: All initial bundles installed and set to start
Aug 10, 2020 12:47:42 PM org.apache.karaf.main.Main$KarafLockCallback lockAcquired
INFO: Lock acquired. Setting startlevel to 100
Aug 20, 2020 3:12:24 PM org.apache.karaf.main.Main launch
INFO: Installing and starting initial bundles
Aug 20, 2020 3:12:26 PM org.apache.karaf.main.Main launch
INFO: All initial bundles installed and set to start
Aug 20, 2020 3:12:27 PM org.apache.karaf.main.Main$KarafLockCallback lockAcquired
INFO: Lock acquired. Setting startlevel to 100
