2019-03-07T04:46:11.6NZ mysqld_safe Logging to '/usr/local/var/mysql/hua.local.err'.
2019-03-07T04:46:11.6NZ mysqld_safe Starting mysqld daemon with databases from /usr/local/var/mysql
2019-03-07T04:46:11.627569Z 0 [Warning] TIMESTAMP with implicit DEFAULT value is deprecated. Please use --explicit_defaults_for_timestamp server option (see documentation for more details).
2019-03-07T04:46:11.627901Z 0 [Warning] Insecure configuration for --secure-file-priv: Current value does not restrict location of generated files. Consider setting it to a valid, non-empty path.
2019-03-07T04:46:11.627972Z 0 [Note] /usr/local/opt/mysql@5.7/bin/mysqld (mysqld 5.7.25-log) starting as process 7612 ...
2019-03-07T04:46:11.631932Z 0 [Warning] Setting lower_case_table_names=2 because file system for /usr/local/var/mysql/ is case insensitive
2019-03-07T04:46:11.649879Z 0 [Note] InnoDB: Mutexes and rw_locks use GCC atomic builtins
2019-03-07T04:46:11.649924Z 0 [Note] InnoDB: Uses event mutexes
2019-03-07T04:46:11.649939Z 0 [Note] InnoDB: GCC builtin __atomic_thread_fence() is used for memory barrier
2019-03-07T04:46:11.649951Z 0 [Note] InnoDB: Compressed tables use zlib 1.2.11
2019-03-07T04:46:11.650396Z 0 [Note] InnoDB: Number of pools: 1
2019-03-07T04:46:11.650559Z 0 [Note] InnoDB: Using CPU crc32 instructions
2019-03-07T04:46:11.652300Z 0 [Note] InnoDB: Initializing buffer pool, total size = 128M, instances = 1, chunk size = 128M
2019-03-07T04:46:11.664165Z 0 [Note] InnoDB: Completed initialization of buffer pool
2019-03-07T04:46:11.716232Z 0 [Note] InnoDB: Highest supported file format is Barracuda.
2019-03-07T04:46:11.726288Z 0 [Note] InnoDB: Creating shared tablespace for temporary tables
2019-03-07T04:46:11.726443Z 0 [Note] InnoDB: Setting file './ibtmp1' size to 12 MB. Physically writing the file full; Please wait ...
2019-03-07T04:46:11.735811Z 0 [Note] InnoDB: File './ibtmp1' size is now 12 MB.
2019-03-07T04:46:11.736650Z 0 [Note] InnoDB: 96 redo rollback segment(s) found. 96 redo rollback segment(s) are active.
2019-03-07T04:46:11.736670Z 0 [Note] InnoDB: 32 non-redo rollback segment(s) are active.
2019-03-07T04:46:11.736858Z 0 [Note] InnoDB: Waiting for purge to start
2019-03-07T04:46:11.861957Z 0 [Note] InnoDB: 5.7.25 started; log sequence number 2524141
2019-03-07T04:46:11.862163Z 0 [Note] InnoDB: Loading buffer pool(s) from /usr/local/var/mysql/ib_buffer_pool
2019-03-07T04:46:11.862285Z 0 [Note] Plugin 'FEDERATED' is disabled.
2019-03-07T04:46:11.864085Z 0 [Note] InnoDB: Buffer pool(s) load completed at 190307  4:46:11
2019-03-07T04:46:11.937984Z 0 [Note] Found ca.pem, server-cert.pem and server-key.pem in data directory. Trying to enable SSL support using them.
2019-03-07T04:46:11.940741Z 0 [Note] Skipping generation of SSL certificates as certificate files are present in data directory.
2019-03-07T04:46:11.941948Z 0 [Warning] CA certificate ca.pem is self signed.
2019-03-07T04:46:11.942041Z 0 [Note] Skipping generation of RSA key pair as key files are present in data directory.
2019-03-07T04:46:11.942215Z 0 [Note] Server hostname (bind-address): '127.0.0.1'; port: 3306
2019-03-07T04:46:11.942274Z 0 [Note]   - '127.0.0.1' resolves to '127.0.0.1';
2019-03-07T04:46:11.942353Z 0 [Note] Server socket created on IP: '127.0.0.1'.
2019-03-07T04:46:11.951234Z 0 [Note] Failed to start slave threads for channel ''
2019-03-07T04:46:11.962035Z 0 [Note] Event Scheduler: Loaded 0 events
2019-03-07T04:46:11.962326Z 0 [Note] /usr/local/opt/mysql@5.7/bin/mysqld: ready for connections.
Version: '5.7.25-log'  socket: '/tmp/mysql.sock'  port: 3306  Homebrew
2019-03-07T05:28:26.452938Z 5 [Note] Access denied for user 'root'@'localhost' (using password: NO)
2019-03-07T05:29:32.249647Z 7 [Note] Access denied for user 'root'@'localhost' (using password: YES)
2019-03-07T05:33:23.234102Z 10 [Note] Aborted connection 10 to db: 'unconnected' user: 'manage' host: 'localhost' (Got an error reading communication packets)
2019-03-07T05:33:23.234102Z 9 [Note] Aborted connection 9 to db: 'manage_sms' user: 'manage' host: 'localhost' (Got an error reading communication packets)
2019-03-07T05:47:19.866799Z 1160 [Note] Access denied for user 'demo'@'localhost' to database 'rui_membership'
2019-03-07T05:47:19.878918Z 1161 [Note] Access denied for user 'demo'@'localhost' to database 'rui_membership'
2019-03-07T07:21:08.826744Z 1193 [Note] Access denied for user 'root'@'localhost' (using password: NO)
2019-03-07T08:23:05.368233Z 1206 [Note] Aborted connection 1206 to db: 'rui_offline_loan' user: 'root' host: 'localhost' (Got an error reading communication packets)
2019-03-07T08:23:05.368302Z 1205 [Note] Aborted connection 1205 to db: 'rui_offline_loan' user: 'root' host: 'localhost' (Got an error reading communication packets)
2019-03-07T09:10:09.260363Z 1220 [Note] Aborted connection 1220 to db: 'rui_offline_loan' user: 'root' host: 'localhost' (Got an error reading communication packets)
2019-03-07T09:10:09.260507Z 1217 [Note] Aborted connection 1217 to db: 'rui_offline_loan' user: 'root' host: 'localhost' (Got an error reading communication packets)
2019-03-07T13:05:25.005243Z 0 [Note] InnoDB: page_cleaner: 1000ms intended loop took 7200732ms. The settings might not be optimal. (flushed=0 and evicted=0, during the time.)
2019-03-07T15:05:59.004844Z 0 [Note] InnoDB: page_cleaner: 1000ms intended loop took 7200088ms. The settings might not be optimal. (flushed=0 and evicted=0, during the time.)
2019-03-07T17:06:10.007191Z 0 [Note] InnoDB: page_cleaner: 1000ms intended loop took 7200381ms. The settings might not be optimal. (flushed=0 and evicted=0, during the time.)
2019-03-07T19:06:21.005055Z 0 [Note] InnoDB: page_cleaner: 1000ms intended loop took 7200567ms. The settings might not be optimal. (flushed=0 and evicted=0, during the time.)
2019-03-07T21:06:32.005208Z 0 [Note] InnoDB: page_cleaner: 1000ms intended loop took 7201678ms. The settings might not be optimal. (flushed=0 and evicted=0, during the time.)
2019-03-07T23:06:20.006217Z 0 [Note] InnoDB: page_cleaner: 1000ms intended loop took 7177977ms. The settings might not be optimal. (flushed=0 and evicted=0, during the time.)
2019-03-08T01:42:25.013299Z 0 [Note] InnoDB: page_cleaner: 1000ms intended loop took 9346775ms. The settings might not be optimal. (flushed=0 and evicted=0, during the time.)
2019-03-08T01:52:30.900308Z 0 [Note] Giving 0 client threads a chance to die gracefully
2019-03-08T01:52:30.900360Z 0 [Note] Shutting down slave threads
2019-03-08T01:52:30.900397Z 0 [Note] Forcefully disconnecting 0 remaining clients
2019-03-08T01:52:30.900417Z 0 [Note] Event Scheduler: Purging the queue. 0 events
2019-03-08T01:52:30.900496Z 0 [Note] Binlog end
2019-03-08T01:52:30.915565Z 0 [Note] Shutting down plugin 'ngram'
2019-03-08T01:52:30.915593Z 0 [Note] Shutting down plugin 'partition'
2019-03-08T01:52:30.915604Z 0 [Note] Shutting down plugin 'BLACKHOLE'
2019-03-08T01:52:30.915615Z 0 [Note] Shutting down plugin 'ARCHIVE'
2019-03-08T01:52:30.915624Z 0 [Note] Shutting down plugin 'PERFORMANCE_SCHEMA'
2019-03-08T01:52:30.915651Z 0 [Note] Shutting down plugin 'MRG_MYISAM'
2019-03-08T01:52:30.915667Z 0 [Note] Shutting down plugin 'MyISAM'
2019-03-08T01:52:30.915706Z 0 [Note] Shutting down plugin 'INNODB_SYS_VIRTUAL'
2019-03-08T01:52:30.915716Z 0 [Note] Shutting down plugin 'INNODB_SYS_DATAFILES'
2019-03-08T01:52:30.915725Z 0 [Note] Shutting down plugin 'INNODB_SYS_TABLESPACES'
2019-03-08T01:52:30.915734Z 0 [Note] Shutting down plugin 'INNODB_SYS_FOREIGN_COLS'
2019-03-08T01:52:30.915742Z 0 [Note] Shutting down plugin 'INNODB_SYS_FOREIGN'
2019-03-08T01:52:30.915750Z 0 [Note] Shutting down plugin 'INNODB_SYS_FIELDS'
2019-03-08T01:52:30.915758Z 0 [Note] Shutting down plugin 'INNODB_SYS_COLUMNS'
2019-03-08T01:52:30.915765Z 0 [Note] Shutting down plugin 'INNODB_SYS_INDEXES'
2019-03-08T01:52:30.915774Z 0 [Note] Shutting down plugin 'INNODB_SYS_TABLESTATS'
2019-03-08T01:52:30.915782Z 0 [Note] Shutting down plugin 'INNODB_SYS_TABLES'
2019-03-08T01:52:30.915790Z 0 [Note] Shutting down plugin 'INNODB_FT_INDEX_TABLE'
2019-03-08T01:52:30.915797Z 0 [Note] Shutting down plugin 'INNODB_FT_INDEX_CACHE'
2019-03-08T01:52:30.915805Z 0 [Note] Shutting down plugin 'INNODB_FT_CONFIG'
2019-03-08T01:52:30.915827Z 0 [Note] Shutting down plugin 'INNODB_FT_BEING_DELETED'
2019-03-08T01:52:30.915833Z 0 [Note] Shutting down plugin 'INNODB_FT_DELETED'
2019-03-08T01:52:30.915839Z 0 [Note] Shutting down plugin 'INNODB_FT_DEFAULT_STOPWORD'
2019-03-08T01:52:30.915844Z 0 [Note] Shutting down plugin 'INNODB_METRICS'
2019-03-08T01:52:30.915850Z 0 [Note] Shutting down plugin 'INNODB_TEMP_TABLE_INFO'
2019-03-08T01:52:30.915856Z 0 [Note] Shutting down plugin 'INNODB_BUFFER_POOL_STATS'
2019-03-08T01:52:30.915862Z 0 [Note] Shutting down plugin 'INNODB_BUFFER_PAGE_LRU'
2019-03-08T01:52:30.915868Z 0 [Note] Shutting down plugin 'INNODB_BUFFER_PAGE'
2019-03-08T01:52:30.915873Z 0 [Note] Shutting down plugin 'INNODB_CMP_PER_INDEX_RESET'
2019-03-08T01:52:30.915879Z 0 [Note] Shutting down plugin 'INNODB_CMP_PER_INDEX'
2019-03-08T01:52:30.915885Z 0 [Note] Shutting down plugin 'INNODB_CMPMEM_RESET'
2019-03-08T01:52:30.915890Z 0 [Note] Shutting down plugin 'INNODB_CMPMEM'
2019-03-08T01:52:30.915896Z 0 [Note] Shutting down plugin 'INNODB_CMP_RESET'
2019-03-08T01:52:30.915902Z 0 [Note] Shutting down plugin 'INNODB_CMP'
2019-03-08T01:52:30.915907Z 0 [Note] Shutting down plugin 'INNODB_LOCK_WAITS'
2019-03-08T01:52:30.915913Z 0 [Note] Shutting down plugin 'INNODB_LOCKS'
2019-03-08T01:52:30.915919Z 0 [Note] Shutting down plugin 'INNODB_TRX'
2019-03-08T01:52:30.915925Z 0 [Note] Shutting down plugin 'InnoDB'
2019-03-08T01:52:30.915961Z 0 [Note] InnoDB: FTS optimize thread exiting.
2019-03-08T01:52:30.916016Z 0 [Note] InnoDB: Starting shutdown...
2019-03-08T01:52:31.036282Z 0 [Note] InnoDB: Dumping buffer pool(s) to /usr/local/var/mysql/ib_buffer_pool
2019-03-08T01:52:31.078668Z 0 [Note] InnoDB: Buffer pool(s) dump completed at 190308  1:52:31
2019-03-08T01:52:31.990254Z 0 [Note] InnoDB: Shutdown completed; log sequence number 9251009
2019-03-08T01:52:31.990492Z 0 [Note] InnoDB: Removed temporary tablespace data file: "ibtmp1"
2019-03-08T01:52:31.990510Z 0 [Note] Shutting down plugin 'MEMORY'
2019-03-08T01:52:31.990518Z 0 [Note] Shutting down plugin 'CSV'
2019-03-08T01:52:31.990525Z 0 [Note] Shutting down plugin 'sha256_password'
2019-03-08T01:52:31.990531Z 0 [Note] Shutting down plugin 'mysql_native_password'
2019-03-08T01:52:31.990651Z 0 [Note] Shutting down plugin 'binlog'
2019-03-08T01:52:31.993545Z 0 [Note] /usr/local/opt/mysql@5.7/bin/mysqld: Shutdown complete

2019-04-20T12:00:53.6NZ mysqld_safe Logging to '/usr/local/var/mysql/hua.local.err'.
2019-04-20T12:00:53.6NZ mysqld_safe Starting mysqld daemon with databases from /usr/local/var/mysql
2019-04-20T12:00:54.981411Z 0 [Warning] TIMESTAMP with implicit DEFAULT value is deprecated. Please use --explicit_defaults_for_timestamp server option (see documentation for more details).
2019-04-20T12:00:54.982208Z 0 [Warning] Insecure configuration for --secure-file-priv: Current value does not restrict location of generated files. Consider setting it to a valid, non-empty path.
2019-04-20T12:00:54.982767Z 0 [Note] /usr/local/opt/mysql@5.7/bin/mysqld (mysqld 5.7.25-log) starting as process 1014 ...
2019-04-20T12:00:54.994706Z 0 [Warning] Setting lower_case_table_names=2 because file system for /usr/local/var/mysql/ is case insensitive
2019-04-20T12:00:55.246600Z 0 [Note] InnoDB: Mutexes and rw_locks use GCC atomic builtins
2019-04-20T12:00:55.246681Z 0 [Note] InnoDB: Uses event mutexes
2019-04-20T12:00:55.246754Z 0 [Note] InnoDB: GCC builtin __atomic_thread_fence() is used for memory barrier
2019-04-20T12:00:55.246778Z 0 [Note] InnoDB: Compressed tables use zlib 1.2.11
2019-04-20T12:00:55.249768Z 0 [Note] InnoDB: Number of pools: 1
2019-04-20T12:00:55.251189Z 0 [Note] InnoDB: Using CPU crc32 instructions
2019-04-20T12:00:55.254225Z 0 [Note] InnoDB: Initializing buffer pool, total size = 128M, instances = 1, chunk size = 128M
2019-04-20T12:00:55.332736Z 0 [Note] InnoDB: Completed initialization of buffer pool
2019-04-20T12:00:55.425870Z 0 [Note] InnoDB: Highest supported file format is Barracuda.
2019-04-20T12:00:55.640472Z 0 [Note] InnoDB: Creating shared tablespace for temporary tables
2019-04-20T12:00:55.640701Z 0 [Note] InnoDB: Setting file './ibtmp1' size to 12 MB. Physically writing the file full; Please wait ...
2019-04-20T12:00:55.677009Z 0 [Note] InnoDB: File './ibtmp1' size is now 12 MB.
2019-04-20T12:00:55.677991Z 0 [Note] InnoDB: 96 redo rollback segment(s) found. 96 redo rollback segment(s) are active.
2019-04-20T12:00:55.678011Z 0 [Note] InnoDB: 32 non-redo rollback segment(s) are active.
2019-04-20T12:00:55.678221Z 0 [Note] InnoDB: Waiting for purge to start
2019-04-20T12:00:55.781173Z 0 [Note] InnoDB: 5.7.25 started; log sequence number 15161161
2019-04-20T12:00:55.781448Z 0 [Note] InnoDB: Loading buffer pool(s) from /usr/local/var/mysql/ib_buffer_pool
2019-04-20T12:00:56.588165Z 0 [Note] Plugin 'FEDERATED' is disabled.
2019-04-20T12:00:58.158640Z 0 [Note] Found ca.pem, server-cert.pem and server-key.pem in data directory. Trying to enable SSL support using them.
2019-04-20T12:00:58.158678Z 0 [Note] Skipping generation of SSL certificates as certificate files are present in data directory.
2019-04-20T12:00:58.160788Z 0 [Note] InnoDB: Buffer pool(s) load completed at 190420 12:00:58
2019-04-20T12:00:58.162447Z 0 [Warning] CA certificate ca.pem is self signed.
2019-04-20T12:00:58.164338Z 0 [Note] Skipping generation of RSA key pair as key files are present in data directory.
2019-04-20T12:00:58.164951Z 0 [Note] Server hostname (bind-address): '127.0.0.1'; port: 3306
2019-04-20T12:00:58.165011Z 0 [Note]   - '127.0.0.1' resolves to '127.0.0.1';
2019-04-20T12:00:58.165275Z 0 [Note] Server socket created on IP: '127.0.0.1'.
2019-04-20T12:00:58.365453Z 0 [Note] Failed to start slave threads for channel ''
2019-04-20T12:00:58.432672Z 0 [Note] Event Scheduler: Loaded 0 events
2019-04-20T12:00:58.432924Z 0 [Note] /usr/local/opt/mysql@5.7/bin/mysqld: ready for connections.
Version: '5.7.25-log'  socket: '/tmp/mysql.sock'  port: 3306  Homebrew
2019-04-20T14:15:13.002417Z 0 [Note] InnoDB: page_cleaner: 1000ms intended loop took 558037ms. The settings might not be optimal. (flushed=0 and evicted=0, during the time.)
2019-04-20T14:25:21.002582Z 0 [Note] InnoDB: page_cleaner: 1000ms intended loop took 559040ms. The settings might not be optimal. (flushed=0 and evicted=0, during the time.)
2019-04-20T14:35:27.002601Z 0 [Note] InnoDB: page_cleaner: 1000ms intended loop took 558714ms. The settings might not be optimal. (flushed=0 and evicted=0, during the time.)
2019-04-20T14:43:37.002570Z 0 [Note] InnoDB: page_cleaner: 1000ms intended loop took 442507ms. The settings might not be optimal. (flushed=0 and evicted=0, during the time.)
2019-04-20T14:56:07.004364Z 0 [Note] InnoDB: page_cleaner: 1000ms intended loop took 11812ms. The settings might not be optimal. (flushed=0 and evicted=0, during the time.)
2019-04-20T15:05:45.004129Z 0 [Note] InnoDB: page_cleaner: 1000ms intended loop took 558280ms. The settings might not be optimal. (flushed=0 and evicted=0, during the time.)
2019-04-20T15:15:53.003032Z 0 [Note] InnoDB: page_cleaner: 1000ms intended loop took 559285ms. The settings might not be optimal. (flushed=0 and evicted=0, during the time.)
2019-04-20T15:26:00.003332Z 0 [Note] InnoDB: page_cleaner: 1000ms intended loop took 559627ms. The settings might not be optimal. (flushed=0 and evicted=0, during the time.)
2019-04-20T15:29:02.003623Z 0 [Note] InnoDB: page_cleaner: 1000ms intended loop took 134136ms. The settings might not be optimal. (flushed=0 and evicted=0, during the time.)
2019-04-20T15:38:56.003641Z 0 [Note] InnoDB: page_cleaner: 1000ms intended loop took 558340ms. The settings might not be optimal. (flushed=0 and evicted=0, during the time.)
2019-04-20T15:49:04.002965Z 0 [Note] InnoDB: page_cleaner: 1000ms intended loop took 559303ms. The settings might not be optimal. (flushed=0 and evicted=0, during the time.)
2019-04-20T15:59:10.003895Z 0 [Note] InnoDB: page_cleaner: 1000ms intended loop took 558161ms. The settings might not be optimal. (flushed=0 and evicted=0, during the time.)
2019-04-20T16:09:16.005575Z 0 [Note] InnoDB: page_cleaner: 1000ms intended loop took 557824ms. The settings might not be optimal. (flushed=0 and evicted=0, during the time.)
2019-04-20T16:19:22.004174Z 0 [Note] InnoDB: page_cleaner: 1000ms intended loop took 558275ms. The settings might not be optimal. (flushed=0 and evicted=0, during the time.)
2019-04-20T16:29:27.003344Z 0 [Note] InnoDB: page_cleaner: 1000ms intended loop took 558586ms. The settings might not be optimal. (flushed=0 and evicted=0, during the time.)
2019-04-20T16:39:33.002978Z 0 [Note] InnoDB: page_cleaner: 1000ms intended loop took 558204ms. The settings might not be optimal. (flushed=0 and evicted=0, during the time.)
2019-04-20T16:49:40.003433Z 0 [Note] InnoDB: page_cleaner: 1000ms intended loop took 559339ms. The settings might not be optimal. (flushed=0 and evicted=0, during the time.)
2019-04-20T16:59:47.003319Z 0 [Note] InnoDB: page_cleaner: 1000ms intended loop took 558897ms. The settings might not be optimal. (flushed=0 and evicted=0, during the time.)
2019-04-20T17:09:54.004041Z 0 [Note] InnoDB: page_cleaner: 1000ms intended loop took 560140ms. The settings might not be optimal. (flushed=0 and evicted=0, during the time.)
2019-04-20T17:20:01.003849Z 0 [Note] InnoDB: page_cleaner: 1000ms intended loop took 558299ms. The settings might not be optimal. (flushed=0 and evicted=0, during the time.)
2019-04-20T17:30:08.005333Z 0 [Note] InnoDB: page_cleaner: 1000ms intended loop took 559573ms. The settings might not be optimal. (flushed=0 and evicted=0, during the time.)
2019-04-20T17:40:14.003081Z 0 [Note] InnoDB: page_cleaner: 1000ms intended loop took 558401ms. The settings might not be optimal. (flushed=0 and evicted=0, during the time.)
2019-04-20T17:50:21.002843Z 0 [Note] InnoDB: page_cleaner: 1000ms intended loop took 558533ms. The settings might not be optimal. (flushed=0 and evicted=0, during the time.)
2019-04-20T17:56:12.002818Z 0 [Note] InnoDB: page_cleaner: 1000ms intended loop took 303351ms. The settings might not be optimal. (flushed=0 and evicted=0, during the time.)
2019-04-20T18:05:53.481027Z 0 [Note] InnoDB: page_cleaner: 1000ms intended loop took 571323ms. The settings might not be optimal. (flushed=0 and evicted=0, during the time.)
2019-04-20T18:16:03.777824Z 0 [Note] InnoDB: page_cleaner: 1000ms intended loop took 563342ms. The settings might not be optimal. (flushed=0 and evicted=0, during the time.)
2019-04-20T18:26:13.824785Z 0 [Note] InnoDB: page_cleaner: 1000ms intended loop took 562741ms. The settings might not be optimal. (flushed=0 and evicted=0, during the time.)
2019-04-20T18:36:26.753143Z 0 [Note] InnoDB: page_cleaner: 1000ms intended loop took 562011ms. The settings might not be optimal. (flushed=0 and evicted=0, during the time.)
2019-04-20T18:46:35.589355Z 0 [Note] InnoDB: page_cleaner: 1000ms intended loop took 562373ms. The settings might not be optimal. (flushed=0 and evicted=0, during the time.)
2019-04-20T18:56:44.704960Z 0 [Note] InnoDB: page_cleaner: 1000ms intended loop took 561422ms. The settings might not be optimal. (flushed=0 and evicted=0, during the time.)
2019-04-20T19:06:53.748128Z 0 [Note] InnoDB: page_cleaner: 1000ms intended loop took 561323ms. The settings might not be optimal. (flushed=0 and evicted=0, during the time.)
2019-04-20T19:17:02.706160Z 0 [Note] InnoDB: page_cleaner: 1000ms intended loop took 561399ms. The settings might not be optimal. (flushed=0 and evicted=0, during the time.)
2019-04-20T19:27:11.546457Z 0 [Note] InnoDB: page_cleaner: 1000ms intended loop took 561904ms. The settings might not be optimal. (flushed=0 and evicted=0, during the time.)
2019-04-20T19:37:20.710729Z 0 [Note] InnoDB: page_cleaner: 1000ms intended loop took 562314ms. The settings might not be optimal. (flushed=0 and evicted=0, during the time.)
2019-04-20T19:47:29.728318Z 0 [Note] InnoDB: page_cleaner: 1000ms intended loop took 561437ms. The settings might not be optimal. (flushed=0 and evicted=0, during the time.)
2019-04-20T19:57:38.676457Z 0 [Note] InnoDB: page_cleaner: 1000ms intended loop took 561540ms. The settings might not be optimal. (flushed=0 and evicted=0, during the time.)
2019-04-20T20:07:47.716120Z 0 [Note] InnoDB: page_cleaner: 1000ms intended loop took 562076ms. The settings might not be optimal. (flushed=0 and evicted=0, during the time.)
2019-04-20T20:17:56.720170Z 0 [Note] InnoDB: page_cleaner: 1000ms intended loop took 561122ms. The settings might not be optimal. (flushed=0 and evicted=0, during the time.)
2019-04-20T20:28:04.765657Z 0 [Note] InnoDB: page_cleaner: 1000ms intended loop took 561556ms. The settings might not be optimal. (flushed=0 and evicted=0, during the time.)
2019-04-20T20:38:13.462257Z 0 [Note] InnoDB: page_cleaner: 1000ms intended loop took 560530ms. The settings might not be optimal. (flushed=0 and evicted=0, during the time.)
2019-04-20T20:48:22.634784Z 0 [Note] InnoDB: page_cleaner: 1000ms intended loop took 561578ms. The settings might not be optimal. (flushed=0 and evicted=0, during the time.)
2019-04-20T20:58:31.505832Z 0 [Note] InnoDB: page_cleaner: 1000ms intended loop took 562218ms. The settings might not be optimal. (flushed=0 and evicted=0, during the time.)
2019-04-20T21:08:39.477511Z 0 [Note] InnoDB: page_cleaner: 1000ms intended loop took 561061ms. The settings might not be optimal. (flushed=0 and evicted=0, during the time.)
2019-04-20T21:18:48.643962Z 0 [Note] InnoDB: page_cleaner: 1000ms intended loop took 561692ms. The settings might not be optimal. (flushed=0 and evicted=0, during the time.)
2019-04-20T21:28:56.640908Z 0 [Note] InnoDB: page_cleaner: 1000ms intended loop took 561295ms. The settings might not be optimal. (flushed=0 and evicted=0, during the time.)
2019-04-20T21:39:05.474889Z 0 [Note] InnoDB: page_cleaner: 1000ms intended loop took 562199ms. The settings might not be optimal. (flushed=0 and evicted=0, during the time.)
2019-04-20T21:49:13.651396Z 0 [Note] InnoDB: page_cleaner: 1000ms intended loop took 561570ms. The settings might not be optimal. (flushed=0 and evicted=0, during the time.)
2019-04-20T21:59:22.523930Z 0 [Note] InnoDB: page_cleaner: 1000ms intended loop took 561976ms. The settings might not be optimal. (flushed=0 and evicted=0, during the time.)
2019-04-20T22:09:31.659722Z 0 [Note] InnoDB: page_cleaner: 1000ms intended loop took 562035ms. The settings might not be optimal. (flushed=0 and evicted=0, during the time.)
2019-04-20T22:19:39.531965Z 0 [Note] InnoDB: page_cleaner: 1000ms intended loop took 561536ms. The settings might not be optimal. (flushed=0 and evicted=0, during the time.)
2019-04-20T22:29:47.484123Z 0 [Note] InnoDB: page_cleaner: 1000ms intended loop took 561174ms. The settings might not be optimal. (flushed=0 and evicted=0, during the time.)
2019-04-20T22:39:56.660530Z 0 [Note] InnoDB: page_cleaner: 1000ms intended loop took 561972ms. The settings might not be optimal. (flushed=0 and evicted=0, during the time.)
2019-04-20T22:44:32.390473Z 0 [Note] InnoDB: page_cleaner: 1000ms intended loop took 229557ms. The settings might not be optimal. (flushed=0 and evicted=0, during the time.)
2019-04-20T22:49:24.586539Z 0 [Note] InnoDB: page_cleaner: 1000ms intended loop took 256125ms. The settings might not be optimal. (flushed=0 and evicted=0, during the time.)
2019-04-20T22:59:21.665408Z 0 [Note] InnoDB: page_cleaner: 1000ms intended loop took 561216ms. The settings might not be optimal. (flushed=0 and evicted=0, during the time.)
2019-04-20T23:09:30.534045Z 0 [Note] InnoDB: page_cleaner: 1000ms intended loop took 562166ms. The settings might not be optimal. (flushed=0 and evicted=0, during the time.)
2019-04-20T23:19:38.667191Z 0 [Note] InnoDB: page_cleaner: 1000ms intended loop took 561191ms. The settings might not be optimal. (flushed=0 and evicted=0, during the time.)
2019-04-20T23:29:46.501740Z 0 [Note] InnoDB: page_cleaner: 1000ms intended loop took 561218ms. The settings might not be optimal. (flushed=0 and evicted=0, during the time.)
2019-04-20T23:39:55.588171Z 0 [Note] InnoDB: page_cleaner: 1000ms intended loop took 561744ms. The settings might not be optimal. (flushed=0 and evicted=0, during the time.)
2019-04-20T23:50:03.503398Z 0 [Note] InnoDB: page_cleaner: 1000ms intended loop took 560597ms. The settings might not be optimal. (flushed=0 and evicted=0, during the time.)
2019-04-21T00:00:11.591302Z 0 [Note] InnoDB: page_cleaner: 1000ms intended loop took 560121ms. The settings might not be optimal. (flushed=0 and evicted=0, during the time.)
2019-04-21T00:10:19.113082Z 0 [Note] InnoDB: page_cleaner: 1000ms intended loop took 560812ms. The settings might not be optimal. (flushed=0 and evicted=0, during the time.)
2019-04-21T00:20:27.679254Z 0 [Note] InnoDB: page_cleaner: 1000ms intended loop took 560683ms. The settings might not be optimal. (flushed=0 and evicted=0, during the time.)
2019-04-21T00:30:35.678570Z 0 [Note] InnoDB: page_cleaner: 1000ms intended loop took 560714ms. The settings might not be optimal. (flushed=0 and evicted=0, during the time.)
2019-04-21T00:40:43.679197Z 0 [Note] InnoDB: page_cleaner: 1000ms intended loop took 560953ms. The settings might not be optimal. (flushed=0 and evicted=0, during the time.)
2019-04-21T00:50:51.678237Z 0 [Note] InnoDB: page_cleaner: 1000ms intended loop took 560140ms. The settings might not be optimal. (flushed=0 and evicted=0, during the time.)
2019-04-21T01:01:00.517898Z 0 [Note] InnoDB: page_cleaner: 1000ms intended loop took 562234ms. The settings might not be optimal. (flushed=0 and evicted=0, during the time.)
2019-04-21T01:11:08.687035Z 0 [Note] InnoDB: page_cleaner: 1000ms intended loop took 561292ms. The settings might not be optimal. (flushed=0 and evicted=0, during the time.)
2019-04-21T01:15:50.715210Z 0 [Note] InnoDB: page_cleaner: 1000ms intended loop took 233830ms. The settings might not be optimal. (flushed=0 and evicted=0, during the time.)
2019-04-21T01:25:47.524327Z 0 [Note] InnoDB: page_cleaner: 1000ms intended loop took 561020ms. The settings might not be optimal. (flushed=0 and evicted=0, during the time.)
2019-04-21T01:35:56.736812Z 0 [Note] InnoDB: page_cleaner: 1000ms intended loop took 560930ms. The settings might not be optimal. (flushed=0 and evicted=0, during the time.)
2019-04-21T01:46:05.698804Z 0 [Note] InnoDB: page_cleaner: 1000ms intended loop took 561116ms. The settings might not be optimal. (flushed=0 and evicted=0, during the time.)
2019-04-21T01:56:13.743702Z 0 [Note] InnoDB: page_cleaner: 1000ms intended loop took 560127ms. The settings might not be optimal. (flushed=0 and evicted=0, during the time.)
2019-04-21T02:06:21.697724Z 0 [Note] InnoDB: page_cleaner: 1000ms intended loop took 560673ms. The settings might not be optimal. (flushed=0 and evicted=0, during the time.)
2019-04-21T02:11:43.452257Z 0 [Note] InnoDB: page_cleaner: 1000ms intended loop took 274048ms. The settings might not be optimal. (flushed=0 and evicted=0, during the time.)
2019-04-21T02:21:40.533108Z 0 [Note] InnoDB: page_cleaner: 1000ms intended loop took 560820ms. The settings might not be optimal. (flushed=0 and evicted=0, during the time.)
2019-04-21T02:31:49.704926Z 0 [Note] InnoDB: page_cleaner: 1000ms intended loop took 560830ms. The settings might not be optimal. (flushed=0 and evicted=0, during the time.)
2019-04-21T02:37:12.385855Z 0 [Note] InnoDB: page_cleaner: 1000ms intended loop took 274493ms. The settings might not be optimal. (flushed=0 and evicted=0, during the time.)
2019-04-21T02:47:09.707989Z 0 [Note] InnoDB: page_cleaner: 1000ms intended loop took 560649ms. The settings might not be optimal. (flushed=0 and evicted=0, during the time.)
2019-04-21T02:51:01.371507Z 0 [Note] InnoDB: page_cleaner: 1000ms intended loop took 183980ms. The settings might not be optimal. (flushed=0 and evicted=0, during the time.)
2019-04-21T02:56:51.676959Z 0 [Note] InnoDB: page_cleaner: 1000ms intended loop took 313778ms. The settings might not be optimal. (flushed=0 and evicted=0, during the time.)
2019-04-21T03:41:02.497025Z 0 [Note] InnoDB: page_cleaner: 1000ms intended loop took 2632913ms. The settings might not be optimal. (flushed=0 and evicted=0, during the time.)
2019-04-21T03:58:57.003670Z 0 [Note] InnoDB: page_cleaner: 1000ms intended loop took 68027ms. The settings might not be optimal. (flushed=0 and evicted=0, during the time.)
2019-04-21T04:05:53.004123Z 0 [Note] InnoDB: page_cleaner: 1000ms intended loop took 183643ms. The settings might not be optimal. (flushed=0 and evicted=0, during the time.)
2019-04-21T04:25:20.001704Z 0 [Note] InnoDB: page_cleaner: 1000ms intended loop took 558938ms. The settings might not be optimal. (flushed=0 and evicted=0, during the time.)
2019-04-21T04:35:27.002403Z 0 [Note] InnoDB: page_cleaner: 1000ms intended loop took 559247ms. The settings might not be optimal. (flushed=0 and evicted=0, during the time.)
2019-04-21T04:45:33.002738Z 0 [Note] InnoDB: page_cleaner: 1000ms intended loop took 558335ms. The settings might not be optimal. (flushed=0 and evicted=0, during the time.)
2019-04-21T04:55:40.002592Z 0 [Note] InnoDB: page_cleaner: 1000ms intended loop took 558633ms. The settings might not be optimal. (flushed=0 and evicted=0, during the time.)
2019-04-21T05:05:49.002514Z 0 [Note] InnoDB: page_cleaner: 1000ms intended loop took 559817ms. The settings might not be optimal. (flushed=0 and evicted=0, during the time.)
2019-04-21T05:15:55.002518Z 0 [Note] InnoDB: page_cleaner: 1000ms intended loop took 558520ms. The settings might not be optimal. (flushed=0 and evicted=0, during the time.)
2019-04-21T05:26:02.002486Z 0 [Note] InnoDB: page_cleaner: 1000ms intended loop took 559142ms. The settings might not be optimal. (flushed=0 and evicted=0, during the time.)
2019-04-21T05:36:09.002581Z 0 [Note] InnoDB: page_cleaner: 1000ms intended loop took 559836ms. The settings might not be optimal. (flushed=0 and evicted=0, during the time.)
2019-04-21T05:46:15.003111Z 0 [Note] InnoDB: page_cleaner: 1000ms intended loop took 559086ms. The settings might not be optimal. (flushed=0 and evicted=0, during the time.)
2019-04-21T05:56:22.002337Z 0 [Note] InnoDB: page_cleaner: 1000ms intended loop took 559216ms. The settings might not be optimal. (flushed=0 and evicted=0, during the time.)
2019-04-21T06:06:30.002456Z 0 [Note] InnoDB: page_cleaner: 1000ms intended loop took 560526ms. The settings might not be optimal. (flushed=0 and evicted=0, during the time.)
2019-04-21T06:16:36.002415Z 0 [Note] InnoDB: page_cleaner: 1000ms intended loop took 558526ms. The settings might not be optimal. (flushed=0 and evicted=0, during the time.)
2019-04-21T06:26:44.002348Z 0 [Note] InnoDB: page_cleaner: 1000ms intended loop took 560200ms. The settings might not be optimal. (flushed=0 and evicted=0, during the time.)
2019-04-21T06:36:50.002715Z 0 [Note] InnoDB: page_cleaner: 1000ms intended loop took 557848ms. The settings might not be optimal. (flushed=0 and evicted=0, during the time.)
2019-04-21T06:46:57.002490Z 0 [Note] InnoDB: page_cleaner: 1000ms intended loop took 559122ms. The settings might not be optimal. (flushed=0 and evicted=0, during the time.)
2019-04-21T06:57:04.002327Z 0 [Note] InnoDB: page_cleaner: 1000ms intended loop took 559082ms. The settings might not be optimal. (flushed=0 and evicted=0, during the time.)
2019-04-21T07:07:11.002433Z 0 [Note] InnoDB: page_cleaner: 1000ms intended loop took 558966ms. The settings might not be optimal. (flushed=0 and evicted=0, during the time.)
2019-04-21T07:16:14.002762Z 0 [Note] InnoDB: page_cleaner: 1000ms intended loop took 495106ms. The settings might not be optimal. (flushed=0 and evicted=0, during the time.)
2019-04-21T07:21:03.369293Z 0 [Note] InnoDB: page_cleaner: 1000ms intended loop took 277519ms. The settings might not be optimal. (flushed=0 and evicted=0, during the time.)
2019-04-21T07:30:59.715151Z 0 [Note] InnoDB: page_cleaner: 1000ms intended loop took 562018ms. The settings might not be optimal. (flushed=0 and evicted=0, during the time.)
2019-04-21T07:41:08.555068Z 0 [Note] InnoDB: page_cleaner: 1000ms intended loop took 561855ms. The settings might not be optimal. (flushed=0 and evicted=0, during the time.)
2019-04-21T07:51:17.556975Z 0 [Note] InnoDB: page_cleaner: 1000ms intended loop took 561389ms. The settings might not be optimal. (flushed=0 and evicted=0, during the time.)
2019-04-21T08:01:26.730445Z 0 [Note] InnoDB: page_cleaner: 1000ms intended loop took 561957ms. The settings might not be optimal. (flushed=0 and evicted=0, during the time.)
2019-04-21T08:11:35.741586Z 0 [Note] InnoDB: page_cleaner: 1000ms intended loop took 560468ms. The settings might not be optimal. (flushed=0 and evicted=0, during the time.)
2019-04-21T08:21:45.634117Z 0 [Note] InnoDB: page_cleaner: 1000ms intended loop took 562350ms. The settings might not be optimal. (flushed=0 and evicted=0, during the time.)
2019-04-21T08:31:54.634362Z 0 [Note] InnoDB: page_cleaner: 1000ms intended loop took 562254ms. The settings might not be optimal. (flushed=0 and evicted=0, during the time.)
2019-04-21T08:40:55.711688Z 0 [Note] InnoDB: page_cleaner: 1000ms intended loop took 494268ms. The settings might not be optimal. (flushed=0 and evicted=0, during the time.)
2019-04-21T08:50:52.513155Z 0 [Note] InnoDB: page_cleaner: 1000ms intended loop took 561411ms. The settings might not be optimal. (flushed=0 and evicted=0, during the time.)
2019-04-21T09:01:00.647157Z 0 [Note] InnoDB: page_cleaner: 1000ms intended loop took 561113ms. The settings might not be optimal. (flushed=0 and evicted=0, during the time.)
2019-04-21T09:11:09.644720Z 0 [Note] InnoDB: page_cleaner: 1000ms intended loop took 562380ms. The settings might not be optimal. (flushed=0 and evicted=0, during the time.)
2019-04-21T09:21:17.517952Z 0 [Note] InnoDB: page_cleaner: 1000ms intended loop took 561213ms. The settings might not be optimal. (flushed=0 and evicted=0, during the time.)
2019-04-21T09:31:26.644980Z 0 [Note] InnoDB: page_cleaner: 1000ms intended loop took 562650ms. The settings might not be optimal. (flushed=0 and evicted=0, during the time.)
2019-04-21T09:41:34.685883Z 0 [Note] InnoDB: page_cleaner: 1000ms intended loop took 561295ms. The settings might not be optimal. (flushed=0 and evicted=0, during the time.)
2019-04-21T09:51:42.530560Z 0 [Note] InnoDB: page_cleaner: 1000ms intended loop took 561121ms. The settings might not be optimal. (flushed=0 and evicted=0, during the time.)
2019-04-21T10:01:51.649435Z 0 [Note] InnoDB: page_cleaner: 1000ms intended loop took 562001ms. The settings might not be optimal. (flushed=0 and evicted=0, during the time.)
2019-04-21T10:11:59.530108Z 0 [Note] InnoDB: page_cleaner: 1000ms intended loop took 561553ms. The settings might not be optimal. (flushed=0 and evicted=0, during the time.)
2019-04-21T10:22:08.492233Z 0 [Note] InnoDB: page_cleaner: 1000ms intended loop took 562090ms. The settings might not be optimal. (flushed=0 and evicted=0, during the time.)
2019-04-21T10:32:17.699191Z 0 [Note] InnoDB: page_cleaner: 1000ms intended loop took 561414ms. The settings might not be optimal. (flushed=0 and evicted=0, during the time.)
2019-04-21T10:42:26.496531Z 0 [Note] InnoDB: page_cleaner: 1000ms intended loop took 562061ms. The settings might not be optimal. (flushed=0 and evicted=0, during the time.)
2019-04-21T10:52:34.495948Z 0 [Note] InnoDB: page_cleaner: 1000ms intended loop took 561366ms. The settings might not be optimal. (flushed=0 and evicted=0, during the time.)
2019-04-21T11:02:43.495703Z 0 [Note] InnoDB: page_cleaner: 1000ms intended loop took 561638ms. The settings might not be optimal. (flushed=0 and evicted=0, during the time.)
2019-04-21T11:12:51.500769Z 0 [Note] InnoDB: page_cleaner: 1000ms intended loop took 560772ms. The settings might not be optimal. (flushed=0 and evicted=0, during the time.)
2019-04-21T11:23:00.670469Z 0 [Note] InnoDB: page_cleaner: 1000ms intended loop took 561174ms. The settings might not be optimal. (flushed=0 and evicted=0, during the time.)
2019-04-21T11:33:09.585076Z 0 [Note] InnoDB: page_cleaner: 1000ms intended loop took 561073ms. The settings might not be optimal. (flushed=0 and evicted=0, during the time.)
2019-04-21T11:43:17.504461Z 0 [Note] InnoDB: page_cleaner: 1000ms intended loop took 560542ms. The settings might not be optimal. (flushed=0 and evicted=0, during the time.)
2019-04-21T11:53:25.512945Z 0 [Note] InnoDB: page_cleaner: 1000ms intended loop took 561121ms. The settings might not be optimal. (flushed=0 and evicted=0, during the time.)
2019-04-21T11:54:24.245591Z 0 [Note] InnoDB: page_cleaner: 1000ms intended loop took 10663ms. The settings might not be optimal. (flushed=0 and evicted=0, during the time.)
2019-04-21T15:45:20.752457Z 0 [Note] Giving 0 client threads a chance to die gracefully
2019-04-21T15:45:20.752616Z 0 [Note] Shutting down slave threads
2019-04-21T15:45:20.753044Z 0 [Note] Forcefully disconnecting 0 remaining clients
2019-04-21T15:45:20.753083Z 0 [Note] Event Scheduler: Purging the queue. 0 events
2019-04-21T15:45:20.754872Z 0 [Note] Binlog end
2019-04-21T15:45:20.777088Z 0 [Note] Shutting down plugin 'ngram'
2019-04-21T15:45:20.780275Z 0 [Note] Shutting down plugin 'partition'
2019-04-21T15:45:20.780300Z 0 [Note] Shutting down plugin 'BLACKHOLE'
2019-04-21T15:45:20.780575Z 0 [Note] Shutting down plugin 'ARCHIVE'
2019-04-21T15:45:20.780606Z 0 [Note] Shutting down plugin 'PERFORMANCE_SCHEMA'
2019-04-21T15:45:20.781157Z 0 [Note] Shutting down plugin 'MRG_MYISAM'
2019-04-21T15:45:20.781431Z 0 [Note] Shutting down plugin 'MyISAM'
2019-04-21T15:45:20.781774Z 0 [Note] Shutting down plugin 'INNODB_SYS_VIRTUAL'
2019-04-21T15:45:20.782278Z 0 [Note] Shutting down plugin 'INNODB_SYS_DATAFILES'
2019-04-21T15:45:20.782309Z 0 [Note] Shutting down plugin 'INNODB_SYS_TABLESPACES'
2019-04-21T15:45:20.782320Z 0 [Note] Shutting down plugin 'INNODB_SYS_FOREIGN_COLS'
2019-04-21T15:45:20.782329Z 0 [Note] Shutting down plugin 'INNODB_SYS_FOREIGN'
2019-04-21T15:45:20.782337Z 0 [Note] Shutting down plugin 'INNODB_SYS_FIELDS'
2019-04-21T15:45:20.782346Z 0 [Note] Shutting down plugin 'INNODB_SYS_COLUMNS'
2019-04-21T15:45:20.782355Z 0 [Note] Shutting down plugin 'INNODB_SYS_INDEXES'
2019-04-21T15:45:20.782363Z 0 [Note] Shutting down plugin 'INNODB_SYS_TABLESTATS'
2019-04-21T15:45:20.782372Z 0 [Note] Shutting down plugin 'INNODB_SYS_TABLES'
2019-04-21T15:45:20.782380Z 0 [Note] Shutting down plugin 'INNODB_FT_INDEX_TABLE'
2019-04-21T15:45:20.782389Z 0 [Note] Shutting down plugin 'INNODB_FT_INDEX_CACHE'
2019-04-21T15:45:20.782397Z 0 [Note] Shutting down plugin 'INNODB_FT_CONFIG'
2019-04-21T15:45:20.782406Z 0 [Note] Shutting down plugin 'INNODB_FT_BEING_DELETED'
2019-04-21T15:45:20.782414Z 0 [Note] Shutting down plugin 'INNODB_FT_DELETED'
2019-04-21T15:45:20.782423Z 0 [Note] Shutting down plugin 'INNODB_FT_DEFAULT_STOPWORD'
2019-04-21T15:45:20.782431Z 0 [Note] Shutting down plugin 'INNODB_METRICS'
2019-04-21T15:45:20.782440Z 0 [Note] Shutting down plugin 'INNODB_TEMP_TABLE_INFO'
2019-04-21T15:45:20.782448Z 0 [Note] Shutting down plugin 'INNODB_BUFFER_POOL_STATS'
2019-04-21T15:45:20.782457Z 0 [Note] Shutting down plugin 'INNODB_BUFFER_PAGE_LRU'
2019-04-21T15:45:20.782465Z 0 [Note] Shutting down plugin 'INNODB_BUFFER_PAGE'
2019-04-21T15:45:20.782474Z 0 [Note] Shutting down plugin 'INNODB_CMP_PER_INDEX_RESET'
2019-04-21T15:45:20.782482Z 0 [Note] Shutting down plugin 'INNODB_CMP_PER_INDEX'
2019-04-21T15:45:20.782490Z 0 [Note] Shutting down plugin 'INNODB_CMPMEM_RESET'
2019-04-21T15:45:20.782499Z 0 [Note] Shutting down plugin 'INNODB_CMPMEM'
2019-04-21T15:45:20.782507Z 0 [Note] Shutting down plugin 'INNODB_CMP_RESET'
2019-04-21T15:45:20.782516Z 0 [Note] Shutting down plugin 'INNODB_CMP'
2019-04-21T15:45:20.782524Z 0 [Note] Shutting down plugin 'INNODB_LOCK_WAITS'
2019-04-21T15:45:20.782533Z 0 [Note] Shutting down plugin 'INNODB_LOCKS'
2019-04-21T15:45:20.782541Z 0 [Note] Shutting down plugin 'INNODB_TRX'
2019-04-21T15:45:20.782550Z 0 [Note] Shutting down plugin 'InnoDB'
2019-04-21T15:45:20.783815Z 0 [Note] InnoDB: FTS optimize thread exiting.
2019-04-21T15:45:20.784381Z 0 [Note] InnoDB: Starting shutdown...
2019-04-21T15:45:20.897599Z 0 [Note] InnoDB: Dumping buffer pool(s) to /usr/local/var/mysql/ib_buffer_pool
2019-04-21T15:45:20.898873Z 0 [Note] InnoDB: Buffer pool(s) dump completed at 190421 15:45:20
2019-04-21T15:45:21.802091Z 0 [Note] InnoDB: Shutdown completed; log sequence number 15161189
2019-04-21T15:45:21.802983Z 0 [Note] InnoDB: Removed temporary tablespace data file: "ibtmp1"
2019-04-21T15:45:21.803013Z 0 [Note] Shutting down plugin 'MEMORY'
2019-04-21T15:45:21.803235Z 0 [Note] Shutting down plugin 'CSV'
2019-04-21T15:45:21.803273Z 0 [Note] Shutting down plugin 'sha256_password'
2019-04-21T15:45:21.803291Z 0 [Note] Shutting down plugin 'mysql_native_password'
2019-04-21T15:45:21.804296Z 0 [Note] Shutting down plugin 'binlog'
2019-04-21T15:45:21.811324Z 0 [Note] /usr/local/opt/mysql@5.7/bin/mysqld: Shutdown complete

